{"name":"hexo","hostname":"DESKTOP-PULA5RL","pid":17184,"level":20,"msg":"Hexo version: \u001b[35m3.7.1\u001b[39m","time":"2020-07-01T02:24:18.818Z","v":0}
{"name":"hexo","hostname":"DESKTOP-PULA5RL","pid":17184,"level":20,"msg":"Working directory: \u001b[35mG:\\blog\\hexo\\\u001b[39m","time":"2020-07-01T02:24:18.821Z","v":0}
{"name":"hexo","hostname":"DESKTOP-PULA5RL","pid":17184,"level":20,"msg":"Config loaded: \u001b[35mG:\\blog\\hexo\\_config.yml\u001b[39m","time":"2020-07-01T02:24:18.994Z","v":0}
{"name":"hexo","hostname":"DESKTOP-PULA5RL","pid":17184,"level":20,"msg":"Plugin loaded: \u001b[35mhexo-deployer-git\u001b[39m","time":"2020-07-01T02:24:19.063Z","v":0}
{"name":"hexo","hostname":"DESKTOP-PULA5RL","pid":17184,"level":20,"msg":"Plugin loaded: \u001b[35mhexo-generator-archive\u001b[39m","time":"2020-07-01T02:24:19.069Z","v":0}
{"name":"hexo","hostname":"DESKTOP-PULA5RL","pid":17184,"level":20,"msg":"Plugin loaded: \u001b[35mhexo-generator-searchdb\u001b[39m","time":"2020-07-01T02:24:19.077Z","v":0}
{"name":"hexo","hostname":"DESKTOP-PULA5RL","pid":17184,"level":20,"msg":"Plugin loaded: \u001b[35mhexo-generator-index\u001b[39m","time":"2020-07-01T02:24:19.081Z","v":0}
{"name":"hexo","hostname":"DESKTOP-PULA5RL","pid":17184,"level":20,"msg":"Plugin loaded: \u001b[35mhexo-generator-category\u001b[39m","time":"2020-07-01T02:24:19.085Z","v":0}
{"name":"hexo","hostname":"DESKTOP-PULA5RL","pid":17184,"level":20,"msg":"Plugin loaded: \u001b[35mhexo-generator-tag\u001b[39m","time":"2020-07-01T02:24:19.088Z","v":0}
{"name":"hexo","hostname":"DESKTOP-PULA5RL","pid":17184,"level":20,"msg":"Plugin loaded: \u001b[35mhexo-renderer-ejs\u001b[39m","time":"2020-07-01T02:24:19.093Z","v":0}
{"name":"hexo","hostname":"DESKTOP-PULA5RL","pid":17184,"level":20,"msg":"Plugin loaded: \u001b[35mhexo-renderer-stylus\u001b[39m","time":"2020-07-01T02:24:19.095Z","v":0}
{"name":"hexo","hostname":"DESKTOP-PULA5RL","pid":17184,"level":20,"msg":"Plugin loaded: \u001b[35mhexo-renderer-marked\u001b[39m","time":"2020-07-01T02:24:19.103Z","v":0}
{"name":"hexo","hostname":"DESKTOP-PULA5RL","pid":17184,"level":20,"msg":"Plugin loaded: \u001b[35mhexo-server\u001b[39m","time":"2020-07-01T02:24:19.196Z","v":0}
{"name":"hexo","hostname":"DESKTOP-PULA5RL","pid":17184,"level":20,"msg":"Plugin loaded: \u001b[35mhexo-wordcount\u001b[39m","time":"2020-07-01T02:24:19.198Z","v":0}
{"name":"hexo","hostname":"DESKTOP-PULA5RL","pid":17184,"level":20,"msg":"Script loaded: \u001b[35mthemes\\next-5.1.4\\scripts\\merge-configs.js\u001b[39m","time":"2020-07-01T02:24:19.206Z","v":0}
{"name":"hexo","hostname":"DESKTOP-PULA5RL","pid":17184,"level":20,"msg":"Script loaded: \u001b[35mthemes\\next-5.1.4\\scripts\\tags\\center-quote.js\u001b[39m","time":"2020-07-01T02:24:19.207Z","v":0}
{"name":"hexo","hostname":"DESKTOP-PULA5RL","pid":17184,"level":20,"msg":"Script loaded: \u001b[35mthemes\\next-5.1.4\\scripts\\tags\\button.js\u001b[39m","time":"2020-07-01T02:24:19.208Z","v":0}
{"name":"hexo","hostname":"DESKTOP-PULA5RL","pid":17184,"level":20,"msg":"Script loaded: \u001b[35mthemes\\next-5.1.4\\scripts\\tags\\exturl.js\u001b[39m","time":"2020-07-01T02:24:19.209Z","v":0}
{"name":"hexo","hostname":"DESKTOP-PULA5RL","pid":17184,"level":20,"msg":"Script loaded: \u001b[35mthemes\\next-5.1.4\\scripts\\merge.js\u001b[39m","time":"2020-07-01T02:24:19.211Z","v":0}
{"name":"hexo","hostname":"DESKTOP-PULA5RL","pid":17184,"level":20,"msg":"Script loaded: \u001b[35mthemes\\next-5.1.4\\scripts\\tags\\full-image.js\u001b[39m","time":"2020-07-01T02:24:19.212Z","v":0}
{"name":"hexo","hostname":"DESKTOP-PULA5RL","pid":17184,"level":20,"msg":"Script loaded: \u001b[35mthemes\\next-5.1.4\\scripts\\tags\\label.js\u001b[39m","time":"2020-07-01T02:24:19.213Z","v":0}
{"name":"hexo","hostname":"DESKTOP-PULA5RL","pid":17184,"level":20,"msg":"Script loaded: \u001b[35mthemes\\next-5.1.4\\scripts\\tags\\lazy-image.js\u001b[39m","time":"2020-07-01T02:24:19.213Z","v":0}
{"name":"hexo","hostname":"DESKTOP-PULA5RL","pid":17184,"level":20,"msg":"Script loaded: \u001b[35mthemes\\next-5.1.4\\scripts\\tags\\group-pictures.js\u001b[39m","time":"2020-07-01T02:24:19.215Z","v":0}
{"name":"hexo","hostname":"DESKTOP-PULA5RL","pid":17184,"level":20,"msg":"Script loaded: \u001b[35mthemes\\next-5.1.4\\scripts\\tags\\note.js\u001b[39m","time":"2020-07-01T02:24:19.216Z","v":0}
{"name":"hexo","hostname":"DESKTOP-PULA5RL","pid":17184,"level":20,"msg":"Script loaded: \u001b[35mthemes\\next-5.1.4\\scripts\\tags\\tabs.js\u001b[39m","time":"2020-07-01T02:24:19.217Z","v":0}
{"name":"hexo","hostname":"DESKTOP-PULA5RL","pid":17184,"level":20,"msg":"Database saved","time":"2020-07-01T02:24:19.224Z","v":0}
